<?xml version="1.0" encoding="UTF-8"?>
<testng-results ignored="0" total="1" passed="1" failed="0" skipped="0">
  <reporter-output>
  </reporter-output>
  <suite started-at="2025-02-21T16:32:29 EST" name="Default suite" finished-at="2025-02-21T16:32:31 EST" duration-ms="1804">
    <groups>
    </groups>
    <test started-at="2025-02-21T16:32:29 EST" name="Default test" finished-at="2025-02-21T16:32:31 EST" duration-ms="1804">
      <class name="Try">
        <test-method signature="start()[pri:0, instance:Try@5a9d6f02]" started-at="2025-02-21T16:32:29 EST" name="start" finished-at="2025-02-21T16:32:31 EST" duration-ms="1790" status="PASS">
          <reporter-output>
          </reporter-output>
        </test-method> <!-- start -->
      </class> <!-- Try -->
    </test> <!-- Default test -->
  </suite> <!-- Default suite -->
</testng-results>
